<?xml version="1.0" encoding="UTF-8"?>
<!-- Generated by org.testng.reporters.JUnitXMLReporter -->
<testsuite ignored="0" hostname="DESKTOP-VIT31V4" failures="0" tests="4" name="Default test" time="50.895" errors="0" timestamp="2021-07-20T19:57:37 EEST">
  <testcase classname="FirstPackage.StockDetails" name="EarningChart" time="10.266"/>
  <testcase classname="FirstPackage.StockDetails" name="SilverTest" time="1.223"/>
  <testcase classname="FirstPackage.StockDetails" name="PoundDollar" time="0.74"/>
  <testcase classname="FirstPackage.StockDetails" name="GoldTest" time="0.302"/>
</testsuite> <!-- Default test -->
