<?xml version="1.0" encoding="UTF-8"?>
<testng-results ignored="0" total="4" passed="4" failed="0" skipped="0">
  <reporter-output>
  </reporter-output>
  <suite started-at="2021-07-20T19:56:46 EEST" name="Default suite" finished-at="2021-07-20T19:57:37 EEST" duration-ms="50895">
    <groups>
    </groups>
    <test started-at="2021-07-20T19:56:46 EEST" name="Default test" finished-at="2021-07-20T19:57:37 EEST" duration-ms="50895">
      <class name="FirstPackage.StockDetails">
        <test-method is-config="true" signature="browserSetUp()[pri:0, instance:FirstPackage.StockDetails@647fd8ce]" started-at="2021-07-20T19:56:46 EEST" name="browserSetUp" finished-at="2021-07-20T19:56:59 EEST" duration-ms="12921" status="PASS">
          <reporter-output>
          </reporter-output>
        </test-method> <!-- browserSetUp -->
        <test-method signature="EarningChart()[pri:1, instance:FirstPackage.StockDetails@647fd8ce]" started-at="2021-07-20T19:56:59 EEST" name="EarningChart" finished-at="2021-07-20T19:57:10 EEST" duration-ms="10266" status="PASS">
          <reporter-output>
          </reporter-output>
        </test-method> <!-- EarningChart -->
        <test-method is-config="true" signature="afterMethod()[pri:0, instance:FirstPackage.StockDetails@647fd8ce]" started-at="2021-07-20T19:57:10 EEST" name="afterMethod" finished-at="2021-07-20T19:57:10 EEST" duration-ms="154" status="PASS">
          <reporter-output>
          </reporter-output>
        </test-method> <!-- afterMethod -->
        <test-method is-config="true" signature="browserSetUp()[pri:0, instance:FirstPackage.StockDetails@647fd8ce]" started-at="2021-07-20T19:57:10 EEST" name="browserSetUp" finished-at="2021-07-20T19:57:19 EEST" duration-ms="9607" status="PASS">
          <reporter-output>
          </reporter-output>
        </test-method> <!-- browserSetUp -->
        <test-method signature="SilverTest()[pri:2, instance:FirstPackage.StockDetails@647fd8ce]" started-at="2021-07-20T19:57:19 EEST" name="SilverTest" finished-at="2021-07-20T19:57:21 EEST" duration-ms="1223" status="PASS">
          <reporter-output>
          </reporter-output>
        </test-method> <!-- SilverTest -->
        <test-method is-config="true" signature="afterMethod()[pri:0, instance:FirstPackage.StockDetails@647fd8ce]" started-at="2021-07-20T19:57:21 EEST" name="afterMethod" finished-at="2021-07-20T19:57:21 EEST" duration-ms="165" status="PASS">
          <reporter-output>
          </reporter-output>
        </test-method> <!-- afterMethod -->
        <test-method is-config="true" signature="browserSetUp()[pri:0, instance:FirstPackage.StockDetails@647fd8ce]" started-at="2021-07-20T19:57:21 EEST" name="browserSetUp" finished-at="2021-07-20T19:57:30 EEST" duration-ms="8859" status="PASS">
          <reporter-output>
          </reporter-output>
        </test-method> <!-- browserSetUp -->
        <test-method signature="PoundDollar()[pri:3, instance:FirstPackage.StockDetails@647fd8ce]" started-at="2021-07-20T19:57:30 EEST" name="PoundDollar" finished-at="2021-07-20T19:57:30 EEST" duration-ms="740" status="PASS">
          <reporter-output>
          </reporter-output>
        </test-method> <!-- PoundDollar -->
        <test-method is-config="true" signature="afterMethod()[pri:0, instance:FirstPackage.StockDetails@647fd8ce]" started-at="2021-07-20T19:57:30 EEST" name="afterMethod" finished-at="2021-07-20T19:57:30 EEST" duration-ms="189" status="PASS">
          <reporter-output>
          </reporter-output>
        </test-method> <!-- afterMethod -->
        <test-method is-config="true" signature="browserSetUp()[pri:0, instance:FirstPackage.StockDetails@647fd8ce]" started-at="2021-07-20T19:57:30 EEST" name="browserSetUp" finished-at="2021-07-20T19:57:37 EEST" duration-ms="6259" status="PASS">
          <reporter-output>
          </reporter-output>
        </test-method> <!-- browserSetUp -->
        <test-method signature="GoldTest()[pri:4, instance:FirstPackage.StockDetails@647fd8ce]" started-at="2021-07-20T19:57:37 EEST" name="GoldTest" finished-at="2021-07-20T19:57:37 EEST" duration-ms="302" status="PASS">
          <reporter-output>
          </reporter-output>
        </test-method> <!-- GoldTest -->
        <test-method is-config="true" signature="afterMethod()[pri:0, instance:FirstPackage.StockDetails@647fd8ce]" started-at="2021-07-20T19:57:37 EEST" name="afterMethod" finished-at="2021-07-20T19:57:37 EEST" duration-ms="172" status="PASS">
          <reporter-output>
          </reporter-output>
        </test-method> <!-- afterMethod -->
      </class> <!-- FirstPackage.StockDetails -->
    </test> <!-- Default test -->
  </suite> <!-- Default suite -->
</testng-results>
